[2025/4/26:14:11:9] 1
[2025/4/26:14:12:54] 1
[2025/4/26:14:12:57] 1
[2025/4/26:14:12:58] 1
[2025/4/26:14:13:0] 1
[2025/4/26:14:13:1] 1
[2025/4/26:14:13:3] 1
[2025/4/26:14:14:22] 0
[2025/4/26:14:14:22] 0
[2025/4/26:14:14:23] 0
[2025/4/26:14:14:23] 0
[2025/4/26:14:14:24] 0
[2025/4/26:14:14:24] 0
[2025/4/26:14:14:25] 0
[2025/4/26:14:14:25] 0
[2025/4/26:14:14:26] 0
[2025/4/26:14:14:27] 0
[2025/4/26:14:14:27] 0
[2025/4/26:14:14:28] 0
[2025/4/26:14:14:28] 0
[2025/4/26:14:14:29] 0
[2025/4/26:14:14:29] 0
[2025/4/26:14:14:30] 0
[2025/4/26:14:14:30] 0
[2025/4/26:14:14:31] 0
[2025/4/26:14:14:31] 0
[2025/4/26:14:14:32] 0
[2025/4/26:14:14:32] 0
[2025/4/26:14:14:33] 0
[2025/4/26:14:14:34] 0
[2025/4/26:14:14:34] 0
[2025/4/26:14:14:35] 0
[2025/4/26:14:14:35] 0
[2025/4/26:14:14:36] 0
[2025/4/26:14:14:36] 0
[2025/4/26:14:14:37] 0
[2025/4/26:14:14:37] 0
[2025/4/26:14:14:38] 0
[2025/4/26:14:14:38] 0
[2025/4/26:14:14:39] 0
[2025/4/26:14:14:39] 0
[2025/4/26:14:14:40] 0
[2025/4/26:14:14:41] 0
[2025/4/26:14:14:41] 0
[2025/4/26:14:14:42] 0
[2025/4/26:14:14:42] 0
[2025/4/26:14:14:43] 0
[2025/4/26:14:14:43] 0
[2025/4/26:14:14:44] 0
[2025/4/26:14:14:44] 0
[2025/4/26:14:14:45] 0
[2025/4/26:14:18:57] 0
[2025/4/26:14:19:12] 0
[2025/4/26:14:19:13] 0
[2025/4/26:14:20:46] 0
[2025/4/26:14:30:58] 0
[2025/4/26:14:31:11] 0
[2025/4/26:14:31:12] 0
[2025/4/26:14:31:16] 0
[2025/4/26:14:31:17] 0
[2025/4/26:14:31:18] 0
[2025/4/26:14:31:23] 0
[2025/4/26:14:31:24] 0
[2025/4/26:14:31:24] 0
[2025/4/26:14:31:25] 0
[2025/4/26:14:31:25] 0
[2025/4/26:14:31:26] 0
[2025/4/26:14:31:27] 0
[2025/4/26:14:31:50] 0
[2025/4/26:14:32:10] 0
[2025/4/26:14:32:11] 0
[2025/4/26:14:32:12] 0
[2025/4/26:14:32:13] 0
[2025/4/26:14:32:13] 0
[2025/4/26:14:57:49] 0
[2025/4/26:14:57:52] 0
